ext-anichin/build/intermediates/manifest_merge_blame_file/release/processReleaseMainManifest/manifest-merger-blame-release-report.txt
1<?xml version="1.0" encoding="utf-8"?>
2<manifest xmlns:android="http://schemas.android.com/apk/res/android"
3    package="com.azhua.ext.anichin"
4    android:versionCode="2"
5    android:versionName="2.0.0" >
6
7    <uses-sdk
8        android:minSdkVersion="26"
9        android:targetSdkVersion="34" />
10
11    <!-- Izin internet murni untuk scraping -->
12    <uses-permission android:name="android.permission.INTERNET" />
12-->src/main/AndroidManifest.xml:5:5-67
12-->src/main/AndroidManifest.xml:5:22-64
13
14    <application
14-->src/main/AndroidManifest.xml:7:5-17:19
15        android:allowBackup="true"
15-->src/main/AndroidManifest.xml:8:9-35
16        android:extractNativeLibs="false"
17        android:label="AzHua Ext: Anichin"
17-->src/main/AndroidManifest.xml:9:9-43
18        android:supportsRtl="true" >
18-->src/main/AndroidManifest.xml:10:9-35
19
20        <!-- SEGEL PENGENAL: Nama kelas utama ekstensi ini -->
21        <meta-data
21-->src/main/AndroidManifest.xml:13:9-15:67
22            android:name="azhua.extension.class"
22-->src/main/AndroidManifest.xml:14:13-49
23            android:value="com.azhua.ext.anichin.AnichinSource" />
23-->src/main/AndroidManifest.xml:15:13-64
24    </application>
25
26</manifest>